<?xml version="1.0" encoding="UTF-8"?>
<coverage generated="1700128403116" clover="3.2.0">
  <project timestamp="1700128403116" name="All files">
    <metrics statements="14" coveredstatements="14" conditionals="4" coveredconditionals="4" methods="5" coveredmethods="5" elements="23" coveredelements="23" complexity="0" loc="14" ncloc="14" packages="1" files="5" classes="5"/>
    <file name="Palindrome.js" path="/home/ri-dev/dev-sanjeev/Tutorials/testing-tut/jest/basics/development/Palindrome.js">
      <metrics statements="4" coveredstatements="4" conditionals="0" coveredconditionals="0" methods="1" coveredmethods="1"/>
      <line num="2" count="1" type="stmt"/>
      <line num="3" count="1" type="stmt"/>
      <line num="4" count="1" type="stmt"/>
      <line num="7" count="1" type="stmt"/>
    </file>
    <file name="absolute.js" path="/home/ri-dev/dev-sanjeev/Tutorials/testing-tut/jest/basics/development/absolute.js">
      <metrics statements="3" coveredstatements="3" conditionals="2" coveredconditionals="2" methods="1" coveredmethods="1"/>
      <line num="1" count="1" type="stmt"/>
      <line num="2" count="2" type="cond" truecount="2" falsecount="0"/>
      <line num="4" count="1" type="stmt"/>
    </file>
    <file name="checkEven.js" path="/home/ri-dev/dev-sanjeev/Tutorials/testing-tut/jest/basics/development/checkEven.js">
      <metrics statements="3" coveredstatements="3" conditionals="2" coveredconditionals="2" methods="1" coveredmethods="1"/>
      <line num="1" count="1" type="stmt"/>
      <line num="2" count="2" type="cond" truecount="2" falsecount="0"/>
      <line num="4" count="1" type="stmt"/>
    </file>
    <file name="mul.js" path="/home/ri-dev/dev-sanjeev/Tutorials/testing-tut/jest/basics/development/mul.js">
      <metrics statements="2" coveredstatements="2" conditionals="0" coveredconditionals="0" methods="1" coveredmethods="1"/>
      <line num="2" count="1" type="stmt"/>
      <line num="5" count="1" type="stmt"/>
    </file>
    <file name="sum.js" path="/home/ri-dev/dev-sanjeev/Tutorials/testing-tut/jest/basics/development/sum.js">
      <metrics statements="2" coveredstatements="2" conditionals="0" coveredconditionals="0" methods="1" coveredmethods="1"/>
      <line num="2" count="1" type="stmt"/>
      <line num="4" count="1" type="stmt"/>
    </file>
  </project>
</coverage>
