{"/home/ri-dev/dev-sanjeev/Tutorials/testing-tut/jest/basics/development/Palindrome.js": {"path":"/home/ri-dev/dev-sanjeev/Tutorials/testing-tut/jest/basics/development/Palindrome.js","statementMap":{"0":{"start":{"line":2,"column":19},"end":{"line":5,"column":1}},"1":{"start":{"line":3,"column":19},"end":{"line":3,"column":51}},"2":{"start":{"line":4,"column":2},"end":{"line":4,"column":26}},"3":{"start":{"line":7,"column":0},"end":{"line":7,"column":28}}},"fnMap":{"0":{"name":"(anonymous_0)","decl":{"start":{"line":2,"column":19},"end":{"line":2,"column":20}},"loc":{"start":{"line":2,"column":28},"end":{"line":5,"column":1}},"line":2}},"branchMap":{},"s":{"0":1,"1":1,"2":1,"3":1},"f":{"0":1},"b":{},"_coverageSchema":"1a1c01bbd47fc00a2c39e90264f33305004495a9","hash":"eb9b86375f4c19a9de995c16c73ded3edd8fafc7"}
,"/home/ri-dev/dev-sanjeev/Tutorials/testing-tut/jest/basics/development/absolute.js": {"path":"/home/ri-dev/dev-sanjeev/Tutorials/testing-tut/jest/basics/development/absolute.js","statementMap":{"0":{"start":{"line":1,"column":17},"end":{"line":3,"column":1}},"1":{"start":{"line":2,"column":2},"end":{"line":2,"column":25}},"2":{"start":{"line":4,"column":0},"end":{"line":4,"column":26}}},"fnMap":{"0":{"name":"(anonymous_0)","decl":{"start":{"line":1,"column":17},"end":{"line":1,"column":18}},"loc":{"start":{"line":1,"column":24},"end":{"line":3,"column":1}},"line":1}},"branchMap":{"0":{"loc":{"start":{"line":2,"column":9},"end":{"line":2,"column":24}},"type":"cond-expr","locations":[{"start":{"line":2,"column":18},"end":{"line":2,"column":19}},{"start":{"line":2,"column":22},"end":{"line":2,"column":24}}],"line":2}},"s":{"0":1,"1":2,"2":1},"f":{"0":2},"b":{"0":[1,1]},"_coverageSchema":"1a1c01bbd47fc00a2c39e90264f33305004495a9","hash":"16bb7b9658028d9d8a1aad78d5804cb0996d4a09"}
,"/home/ri-dev/dev-sanjeev/Tutorials/testing-tut/jest/basics/development/checkEven.js": {"path":"/home/ri-dev/dev-sanjeev/Tutorials/testing-tut/jest/basics/development/checkEven.js","statementMap":{"0":{"start":{"line":1,"column":18},"end":{"line":3,"column":1}},"1":{"start":{"line":2,"column":2},"end":{"line":2,"column":35}},"2":{"start":{"line":4,"column":0},"end":{"line":4,"column":27}}},"fnMap":{"0":{"name":"(anonymous_0)","decl":{"start":{"line":1,"column":18},"end":{"line":1,"column":19}},"loc":{"start":{"line":1,"column":25},"end":{"line":3,"column":1}},"line":1}},"branchMap":{"0":{"loc":{"start":{"line":2,"column":9},"end":{"line":2,"column":34}},"type":"cond-expr","locations":[{"start":{"line":2,"column":22},"end":{"line":2,"column":26}},{"start":{"line":2,"column":29},"end":{"line":2,"column":34}}],"line":2}},"s":{"0":1,"1":2,"2":1},"f":{"0":2},"b":{"0":[1,1]},"_coverageSchema":"1a1c01bbd47fc00a2c39e90264f33305004495a9","hash":"0e607de571c13f65018b7c2801ffac6aafd33737"}
,"/home/ri-dev/dev-sanjeev/Tutorials/testing-tut/jest/basics/development/mul.js": {"path":"/home/ri-dev/dev-sanjeev/Tutorials/testing-tut/jest/basics/development/mul.js","statementMap":{"0":{"start":{"line":2,"column":2},"end":{"line":2,"column":15}},"1":{"start":{"line":5,"column":0},"end":{"line":5,"column":25}}},"fnMap":{"0":{"name":"mul","decl":{"start":{"line":1,"column":9},"end":{"line":1,"column":12}},"loc":{"start":{"line":1,"column":19},"end":{"line":3,"column":1}},"line":1}},"branchMap":{},"s":{"0":1,"1":1},"f":{"0":1},"b":{},"_coverageSchema":"1a1c01bbd47fc00a2c39e90264f33305004495a9","hash":"b78be9fe23ee3ebd84e8df4994bac148b79a42b3"}
,"/home/ri-dev/dev-sanjeev/Tutorials/testing-tut/jest/basics/development/sum.js": {"path":"/home/ri-dev/dev-sanjeev/Tutorials/testing-tut/jest/basics/development/sum.js","statementMap":{"0":{"start":{"line":2,"column":2},"end":{"line":2,"column":15}},"1":{"start":{"line":4,"column":0},"end":{"line":4,"column":25}}},"fnMap":{"0":{"name":"sum","decl":{"start":{"line":1,"column":9},"end":{"line":1,"column":12}},"loc":{"start":{"line":1,"column":19},"end":{"line":3,"column":1}},"line":1}},"branchMap":{},"s":{"0":1,"1":1},"f":{"0":1},"b":{},"_coverageSchema":"1a1c01bbd47fc00a2c39e90264f33305004495a9","hash":"a82ff862a686e5ee5803e1301745cc024bfceadc"}
}
